0 info it worked if it ends with ok
1 verbose cli [ 'node', '/usr/local/bin/npm', 'install', '-S', 'socket.io' ]
2 info using npm@1.4.28
3 info using node@v0.10.33
4 warn package.json chatSpillmuseetServer@1.0.0 No description
5 warn package.json chatSpillmuseetServer@1.0.0 No repository field.
6 warn package.json chatSpillmuseetServer@1.0.0 No README data
7 verbose readDependencies using package.json deps
8 verbose cache add [ 'socket.io', null ]
9 verbose cache add name=undefined spec="socket.io" args=["socket.io",null]
10 verbose parsed url { protocol: null,
10 verbose parsed url   slashes: null,
10 verbose parsed url   auth: null,
10 verbose parsed url   host: null,
10 verbose parsed url   port: null,
10 verbose parsed url   hostname: null,
10 verbose parsed url   hash: null,
10 verbose parsed url   search: null,
10 verbose parsed url   query: null,
10 verbose parsed url   pathname: 'socket.io',
10 verbose parsed url   path: 'socket.io',
10 verbose parsed url   href: 'socket.io' }
11 silly lockFile 71475bfd-socket-io socket.io
12 verbose lock socket.io /Users/Jacobsen/.npm/71475bfd-socket-io.lock
13 silly lockFile 71475bfd-socket-io socket.io
14 silly lockFile 71475bfd-socket-io socket.io
15 verbose addNamed [ 'socket.io', '' ]
16 verbose addNamed [ null, '*' ]
17 silly lockFile c03de861-socket-io socket.io@
18 verbose lock socket.io@ /Users/Jacobsen/.npm/c03de861-socket-io.lock
19 silly addNameRange { name: 'socket.io', range: '*', hasData: false }
20 verbose request where is /socket.io
21 verbose request registry https://registry.npmjs.org/
22 verbose request id ce01d7b0185d3f08
23 verbose url raw /socket.io
24 verbose url resolving [ 'https://registry.npmjs.org/', './socket.io' ]
25 verbose url resolved https://registry.npmjs.org/socket.io
26 verbose request where is https://registry.npmjs.org/socket.io
27 info trying registry request attempt 1 at 21:25:35
28 verbose etag "AKYF38MRHB3FQPM5YZS67N5JO"
29 http GET https://registry.npmjs.org/socket.io
30 http 200 https://registry.npmjs.org/socket.io
31 silly registry.get cb [ 200,
31 silly registry.get   { date: 'Fri, 23 Jan 2015 20:25:36 GMT',
31 silly registry.get     server: 'CouchDB/1.5.0 (Erlang OTP/R16B03)',
31 silly registry.get     etag: '"3E5KSZJZ6OYVN2MPYH1R8KP5M"',
31 silly registry.get     'content-type': 'application/json',
31 silly registry.get     'cache-control': 'max-age=60',
31 silly registry.get     'content-length': '107530',
31 silly registry.get     'accept-ranges': 'bytes',
31 silly registry.get     via: '1.1 varnish',
31 silly registry.get     age: '11',
31 silly registry.get     'x-served-by': 'cache-fra1229-FRA',
31 silly registry.get     'x-cache': 'HIT',
31 silly registry.get     'x-cache-hits': '1',
31 silly registry.get     'x-timer': 'S1422044736.840544,VS0,VE0',
31 silly registry.get     vary: 'Accept',
31 silly registry.get     'keep-alive': 'timeout=10, max=50',
31 silly registry.get     connection: 'Keep-Alive' } ]
32 silly addNameRange number 2 { name: 'socket.io', range: '*', hasData: true }
33 silly addNameRange versions [ 'socket.io',
33 silly addNameRange   [ '0.3.8',
33 silly addNameRange     '0.4.0',
33 silly addNameRange     '0.4.1',
33 silly addNameRange     '0.5.1',
33 silly addNameRange     '0.5.3',
33 silly addNameRange     '0.6.0',
33 silly addNameRange     '0.6.1',
33 silly addNameRange     '0.6.3',
33 silly addNameRange     '0.6.4',
33 silly addNameRange     '0.6.5',
33 silly addNameRange     '0.6.6',
33 silly addNameRange     '0.6.7',
33 silly addNameRange     '0.6.8',
33 silly addNameRange     '0.6.9',
33 silly addNameRange     '0.6.10',
33 silly addNameRange     '0.6.11',
33 silly addNameRange     '0.6.12',
33 silly addNameRange     '0.6.14',
33 silly addNameRange     '0.6.15',
33 silly addNameRange     '0.6.16',
33 silly addNameRange     '0.6.17',
33 silly addNameRange     '0.6.18',
33 silly addNameRange     '0.7.0',
33 silly addNameRange     '0.7.1',
33 silly addNameRange     '0.7.2',
33 silly addNameRange     '0.7.3',
33 silly addNameRange     '0.7.4',
33 silly addNameRange     '0.7.5',
33 silly addNameRange     '0.7.6',
33 silly addNameRange     '0.7.7',
33 silly addNameRange     '0.7.8',
33 silly addNameRange     '0.7.9',
33 silly addNameRange     '0.7.10',
33 silly addNameRange     '0.7.11',
33 silly addNameRange     '0.8.0',
33 silly addNameRange     '0.8.1',
33 silly addNameRange     '0.8.2',
33 silly addNameRange     '0.8.3',
33 silly addNameRange     '0.8.4',
33 silly addNameRange     '0.8.5',
33 silly addNameRange     '0.8.6',
33 silly addNameRange     '0.8.7',
33 silly addNameRange     '0.9.0',
33 silly addNameRange     '0.9.1',
33 silly addNameRange     '0.9.1-1',
33 silly addNameRange     '0.9.2',
33 silly addNameRange     '0.9.3',
33 silly addNameRange     '0.9.4',
33 silly addNameRange     '0.9.5',
33 silly addNameRange     '0.9.6',
33 silly addNameRange     '0.9.7',
33 silly addNameRange     '0.9.8',
33 silly addNameRange     '0.9.9',
33 silly addNameRange     '0.9.10',
33 silly addNameRange     '0.9.11',
33 silly addNameRange     '0.9.12',
33 silly addNameRange     '0.9.13',
33 silly addNameRange     '0.9.14',
33 silly addNameRange     '0.9.15',
33 silly addNameRange     '0.9.16',
33 silly addNameRange     '1.0.0-pre',
33 silly addNameRange     '1.0.0-pre2',
33 silly addNameRange     '1.0.0-pre3',
33 silly addNameRange     '1.0.0-pre4',
33 silly addNameRange     '1.0.0-pre5',
33 silly addNameRange     '0.9.17',
33 silly addNameRange     '1.0.0',
33 silly addNameRange     '1.0.1',
33 silly addNameRange     '1.0.2',
33 silly addNameRange     '1.0.3',
33 silly addNameRange     '1.0.4',
33 silly addNameRange     '1.0.5',
33 silly addNameRange     '1.0.6',
33 silly addNameRange     '1.1.0',
33 silly addNameRange     '1.2.0',
33 silly addNameRange     '1.2.1',
33 silly addNameRange     '1.3.0',
33 silly addNameRange     '1.3.1',
33 silly addNameRange     '1.3.2' ] ]
34 verbose addNamed [ 'socket.io', '1.3.2' ]
35 verbose addNamed [ '1.3.2', '1.3.2' ]
36 silly lockFile b15c0080-socket-io-1-3-2 socket.io@1.3.2
37 verbose lock socket.io@1.3.2 /Users/Jacobsen/.npm/b15c0080-socket-io-1-3-2.lock
38 silly lockFile b3aebed7-rg-socket-io-socket-io-1-3-2-tgz https://registry.npmjs.org/socket.io/-/socket.io-1.3.2.tgz
39 verbose lock https://registry.npmjs.org/socket.io/-/socket.io-1.3.2.tgz /Users/Jacobsen/.npm/b3aebed7-rg-socket-io-socket-io-1-3-2-tgz.lock
40 verbose addRemoteTarball [ 'https://registry.npmjs.org/socket.io/-/socket.io-1.3.2.tgz',
40 verbose addRemoteTarball   'b8c1ffc63b3341d9609ee55e06560a6ca1f185e5' ]
41 info retry fetch attempt 1 at 21:25:36
42 verbose fetch to= /var/folders/tp/7vfsr3gd26911glfyt3vnq080000gn/T/npm-69126-QppqvTBD/registry.npmjs.org/socket.io/-/socket.io-1.3.2.tgz
43 http GET https://registry.npmjs.org/socket.io/-/socket.io-1.3.2.tgz
44 http 200 https://registry.npmjs.org/socket.io/-/socket.io-1.3.2.tgz
45 silly lockFile b3aebed7-rg-socket-io-socket-io-1-3-2-tgz https://registry.npmjs.org/socket.io/-/socket.io-1.3.2.tgz
46 silly lockFile b3aebed7-rg-socket-io-socket-io-1-3-2-tgz https://registry.npmjs.org/socket.io/-/socket.io-1.3.2.tgz
47 silly lockFile b15c0080-socket-io-1-3-2 socket.io@1.3.2
48 silly lockFile b15c0080-socket-io-1-3-2 socket.io@1.3.2
49 silly lockFile c03de861-socket-io socket.io@
50 silly lockFile c03de861-socket-io socket.io@
51 error Error: EACCES, mkdir '/Users/Jacobsen/.npm/socket.io/1.3.2'
51 error  { [Error: EACCES, mkdir '/Users/Jacobsen/.npm/socket.io/1.3.2']
51 error   errno: 3,
51 error   code: 'EACCES',
51 error   path: '/Users/Jacobsen/.npm/socket.io/1.3.2',
51 error   parent: 'chatSpillmuseetServer' }
52 error Please try running this command again as root/Administrator.
53 error System Darwin 14.0.0
54 error command "node" "/usr/local/bin/npm" "install" "-S" "socket.io"
55 error cwd /Users/Jacobsen/Repos/chatSpillmuseetServer
56 error node -v v0.10.33
57 error npm -v 1.4.28
58 error path /Users/Jacobsen/.npm/socket.io/1.3.2
59 error code EACCES
60 error errno 3
61 error stack Error: EACCES, mkdir '/Users/Jacobsen/.npm/socket.io/1.3.2'
62 verbose exit [ 3, true ]
